%%%%%%%%%%%%%%%%%%%%%%%%%%%%%%%%%%%%%%%%%%%%%%%%%%%%%%%%%%%%%%%%%%%%%%%%%%%%%%%%
                          S u m m a r y   R e p o r t
%%%%%%%%%%%%%%%%%%%%%%%%%%%%%%%%%%%%%%%%%%%%%%%%%%%%%%%%%%%%%%%%%%%%%%%%%%%%%%%%

Compilation
-----------
File     : /home3/y14/y14/di1c13/cgpack/head/cgca_m2glm.f90
Compiled : 02/18/16  16:36:33
Compiler : Version 8.3.7
Ftnlx    : Version 8318 (libcif 83016)
Target   : x86-64
Command  : ftn_driver.exe -hcpu=ivybridge -hstatic -D__CRAYXC
           -D__CRAY_IVYBRIDGE -D__CRAYXT_COMPUTE_LINUX_TARGET -hnetwork=aries
           -c -eacFn -dm -m2 -rl -I/opt/cray/cce/8.3.7/craylibs/x86-64/include
           -I/opt/cray/mpt/7.1.1/gni/mpich2-cray/83/include
           -I/opt/cray/libsci/13.0.1/CRAY/83/sandybridge/include
           -I/opt/cray/rca/1.0.0-2.0502.57212.2.56.ari/include
           -I/opt/cray/alps/5.2.3-2.0502.9295.14.14.ari/include
           -I/opt/cray/xpmem/0.1-2.0502.57015.1.15.ari/include
           -I/opt/cray/gni-headers/4.0-1.0502.10317.9.2.ari/include
           -I/opt/cray/dmapp/7.0.1-1.0502.10246.8.47.ari/include
           -I/opt/cray/pmi/5.0.6-1.0000.10439.140.2.ari/include
           -I/opt/cray/ugni/6.0-1.0502.10245.9.9.ari/include
           -I/opt/cray/udreg/2.3.2-1.0502.9889.2.20.ari/include
           -I/opt/cray/cce/8.3.7/craylibs/x86-64/pkgconfig/../include
           -I/opt/cray/cce/8.3.7/craylibs/x86-64/include
           -I/opt/cray/wlm_detect/1.0-1.0502.57063.1.1.ari/include
           -I/opt/cray/krca/1.0.0-2.0502.57202.2.45.ari/include
           -I/opt/cray-hss-devel/7.2.0/include cgca_m2glm.f90

ftnlx report
------------
Source   : /home3/y14/y14/di1c13/cgpack/head/cgca_m2glm.f90
Date     : 02/18/2016  16:36:33


%%%%%%%%%%%%%%%%%%%%%%%%%%%%%%%%%%%%%%%%%%%%%%%%%%%%%%%%%%%%%%%%%%%%%%%%%%%%%%%%
                          S o u r c e   L i s t i n g
%%%%%%%%%%%%%%%%%%%%%%%%%%%%%%%%%%%%%%%%%%%%%%%%%%%%%%%%%%%%%%%%%%%%%%%%%%%%%%%%

    1.    !$Id: cgca_m2glm.f90 99 2015-06-10 13:47:07Z mexas $
    2.    
    3.    !*robodoc*m* CGPACK/cgca_m2glm
    4.    !  NAME
    5.    !    cgca_m2glm
    6.    !  SYNOPSIS
    7.    
    8.    module cgca_m2glm
    9.    
   10.    !  DESCRIPTION
   11.    !    Module dealing with Global to Local Mapping (glm) and vice versa
   12.    !  AUTHOR 
   13.    !    Anton Shterenlikht
   14.    !  COPYRIGHT
   15.    !    See CGPACK_Copyright
   16.    !  CONTAINS
   17.    !    cgca_gl, cgca_lg
   18.    !  USES
   19.    !    cgca_m1co
   20.    !  USED BY
   21.    !    cgca_m3nucl
   22.    !  SOURCE
   23.    
   24.    use cgca_m1co
   25.    implicit none
   26.    
   27.    private
   28.    public :: cgca_gl, cgca_lg
   29.    
   30.    contains
   31.    
   32.    !*roboend*
   33.    
   34.    
   35.    !*robodoc*s* cgca_m2glm/cgca_gl
   36.    !  NAME
   37.    !    cgca_gl
   38.    !  SYNOPSIS
   39.    
   40.    subroutine cgca_gl(super,coarray,imgpos,local)
   41.    
   42.    !  INPUTS
   43.    
   44.    integer(kind=idef),intent(in) :: super(3)
   45.    integer(kind=iarr),allocatable,intent(inout) :: coarray(:,:,:,:)[:,:,:]
   46.    
   47.    ! OUTPUT
   48.    
   49.    integer(kind=idef),intent(out) :: imgpos(3),local(3)
   50.    
   51.    ! DESCRIPTION
   52.    !   This routine converts a cell coordinate from a global, super, array
   53.    !   to the image coordinates in the coarray grid and the local cell
   54.    !   coordinates in this image :
   55.    !   - super(3) are cell coordinates in a super array
   56.    !   - coarray is the model
   57.    !   - imgpos(3) is the image position in the grid
   58.    !   - local(3) are cell coordinates in that image's array
   59.    ! NOTES
   60.    !   The global coordinates must start from 1!
   61.    !
   62.    !   Any image can call this routine
   63.    ! USES
   64.    ! USED BY
   65.    ! SOURCE
   66.    
   67.    integer :: & 
   68.     lbr(4)   ,& ! lower bounds of the "real" coarray, lbv+1
   69.     ubr(4)   ,& ! upper bounds of the "real" coarray, ubv-1
   70.     szr(3)   ,& ! size or the "real" coarray, ubr-lbr+1
   71.     lcob(3)  ,& ! lower cobounds of the coarray
   72.     ucob(3)  ,& ! upper cobounds of the coarray
   73.     usup(3)  ,& ! upper bound of the super array, szr*(ucob-lcob+1)
   74.     thisimage
   75.    
   76.    thisimage = this_image()
   77.    
   78.    ! check for allocated
   79.    
   80.    if (.not. allocated(coarray)) then
   81.     write (*,'(a,i0)') "ERROR: cgca_gl: image", thisimage
   82.     write (*,'(a)') "ERROR: cgca_gl: coarray is not allocated"
   83.     error stop
   84.    end if
   85.    
   86.    lbr=lbound(coarray)+1
ftn-6205 ftn: VECTOR File = cgca_m2glm.f90, Line = 86 
  A loop starting at line 86 was vectorized with a single vector iteration.

   87.    ubr=ubound(coarray)-1
ftn-6004 ftn: SCALAR File = cgca_m2glm.f90, Line = 87 
  A loop starting at line 87 was fused with the loop starting at line 86.

   88.    
   89.    ! the 4th dimension is to do with the number of cell state
   90.    ! types. This is not relevant here.
   91.    szr=ubr(1:3)-lbr(1:3)+1
ftn-6271 ftn: VECTOR File = cgca_m2glm.f90, Line = 91 
  A loop starting at line 91 was not vectorized because its trip count is too small.

ftn-6008 ftn: SCALAR File = cgca_m2glm.f90, Line = 91 
  A loop starting at line 91 was unwound.

   92.    
   93.    lcob=lcobound(coarray)
ftn-6004 ftn: SCALAR File = cgca_m2glm.f90, Line = 93 
  A loop starting at line 93 was fused with the loop starting at line 91.

   94.    ucob=ucobound(coarray)
ftn-6004 ftn: SCALAR File = cgca_m2glm.f90, Line = 94 
  A loop starting at line 94 was fused with the loop starting at line 91.

   95.    usup=szr*(ucob-lcob+1)
ftn-6004 ftn: SCALAR File = cgca_m2glm.f90, Line = 95 
  A loop starting at line 95 was fused with the loop starting at line 91.

   96.    
   97.    ! check for bounds
   98.    
   99.    if (any(super .gt. usup) .or. any(super .lt. 1)) then
ftn-6334 ftn: VECTOR File = cgca_m2glm.f90, Line = 99 
  A loop starting at line 99 was not vectorized because it contains multiple potential exits.

  100.     write (*,'(a,i0)') "ERROR: cgca_gl: image", thisimage
  101.     write (*,'(a)') "ERROR: cgca_gl: one or more super array&
  102.                      & coordinate(s) are ouside the bounds"
  103.     write (*,'(a,3(i0,tr1))') "ERROR: cgca_gl: super array coord: ",super
  104.     write (*,'(a)') "ERROR: cgca_gl: lower bound must be 1"
  105.     write (*,'(a,3(i0,tr1))') "ERROR: cgca_gl: upper bounds: ", usup
  106.     error stop
  107.    end if
  108.    
  109.    ! actual calculation
  110.    
  111.    imgpos = lcob + (super-1)/szr
ftn-6271 ftn: VECTOR File = cgca_m2glm.f90, Line = 111 
  A loop starting at line 111 was not vectorized because its trip count is too small.

ftn-6008 ftn: SCALAR File = cgca_m2glm.f90, Line = 111 
  A loop starting at line 111 was unwound.

  112.    local = lbr(1:3) + super-szr*(imgpos-lcob) - 1
ftn-6004 ftn: SCALAR File = cgca_m2glm.f90, Line = 112 
  A loop starting at line 112 was fused with the loop starting at line 111.

  113.    
  114.    ! checks after
  115.    
  116.    if (any(imgpos .gt. ucob) .or. any(imgpos .lt. lcob)) then
ftn-6334 ftn: VECTOR File = cgca_m2glm.f90, Line = 116 
  A loop starting at line 116 was not vectorized because it contains multiple potential exits.

  117.     write (*,'(a,i0)') "ERROR: cgca_gl: image", thisimage
  118.     write (*,'(a)') "ERROR: cgca_lg: one or more image positions&
  119.                      & are ouside the bounds"
  120.     write (*,'(a,3(i0,tr1))') &
  121.      "ERROR: cgca_gl: image positions: ",imgpos
  122.     write (*,'(a,3(i0,tr1))') &
  123.      "ERROR: cgca_gl: lower image grid bounds: ", lcob
  124.     write (*,'(a,3(i0,tr1))') &
  125.      "ERROR: cgca_gl: upper image grid bounds: ", ucob
  126.     error stop
  127.    end if
  128.    
  129.    if (any(local .gt. ubr(1:3)) .or. any(local .lt. lbr(1:3))) then
ftn-6334 ftn: VECTOR File = cgca_m2glm.f90, Line = 129 
  A loop starting at line 129 was not vectorized because it contains multiple potential exits.

  130.     write (*,'(a,i0)') "ERROR: cgca_gl: image", thisimage
  131.     write (*,'(a)') "ERROR: cgca_lg: one or more local coordinates &
  132.                      & are ouside the bounds"
  133.     write (*,'(a,3(i0,tr1))') "ERROR: cgca_gl: local coordinates: ",local
  134.     write (*,'(a,3(i0,tr1))') "ERROR: cgca_gl: lower bounds: ", lbr
  135.     write (*,'(a,3(i0,tr1))') "ERROR: cgca_gl: upper bounds: ", ubr
  136.     error stop
  137.    end if
  138.    
  139.    end subroutine cgca_gl
  140.    
  141.    !*roboend*
  142.    
  143.    
  144.    !*robodoc*s* cgca_m2glm/cgca_lg
  145.    !  NAME
  146.    !    cgca_lg
  147.    !  SYNOPSIS
  148.    
  149.    subroutine cgca_lg(imgpos,local,coarray,super)
  150.    
  151.    !  INPUTS
  152.    
  153.    integer(kind=idef),intent(in) :: imgpos(3),local(3)
  154.    integer(kind=iarr),allocatable,intent(inout) :: coarray(:,:,:,:)[:,:,:]
  155.    
  156.    ! OUTPUT
  157.    
  158.    integer(kind=idef),intent(out) :: super(3)
  159.    
  160.    ! DESCRIPTION
  161.    !  This routine converts the image coordinates in the grid and the local
  162.    !  cell coordinates in this image into the global cell coordinates in
  163.    !  the super array:
  164.    !   - imgpos(3) is the image position in the grid
  165.    !   - local(3) are cell coordinates in that image's array
  166.    !   - coarray is the model
  167.    !   - super(3) are cell coordinates in a super array
  168.    ! NOTES
  169.    !   The global, super, coordinates must start from 1!
  170.    !
  171.    !   Any image can call this routine
  172.    ! USES
  173.    ! USED BY
  174.    !   cgca_gbf1f
  175.    ! SOURCE
  176.    
  177.    integer :: & 
  178.     lbr(4)   ,& ! lower bounds of the "real" coarray, lbv+1
  179.     ubr(4)   ,& ! upper bounds of the "real" coarray, ubv-1
  180.     szr(3)   ,& ! size or the "real" coarray, ubr-lbr+1
  181.     lcob(3)  ,& ! lower cobounds of the coarray
  182.     ucob(3)  ,& ! upper cobounds of the coarray
  183.     usup(3)  ,& ! upper bound of the super array, szr*(ucob-lcob+1)
  184.     thisimage
  185.    
  186.    thisimage = this_image()
  187.    
  188.    ! check for allocated
  189.    
  190.    if (.not. allocated(coarray)) then
  191.     write (*,'(a,i0)') "ERROR: cgca_lg: image", thisimage
  192.     write (*,'(a)') "ERROR: cgca_lg: coarray is not allocated"
  193.     error stop
  194.    end if
  195.    
  196.    lbr=lbound(coarray)+1
ftn-6205 ftn: VECTOR File = cgca_m2glm.f90, Line = 196 
  A loop starting at line 196 was vectorized with a single vector iteration.

  197.    ubr=ubound(coarray)-1
ftn-6004 ftn: SCALAR File = cgca_m2glm.f90, Line = 197 
  A loop starting at line 197 was fused with the loop starting at line 196.

  198.    
  199.    ! the 4th dimension is to do with the number of cell state
  200.    ! types. This is not relevant here.
  201.    szr=ubr(1:3)-lbr(1:3)+1
ftn-6271 ftn: VECTOR File = cgca_m2glm.f90, Line = 201 
  A loop starting at line 201 was not vectorized because its trip count is too small.

ftn-6008 ftn: SCALAR File = cgca_m2glm.f90, Line = 201 
  A loop starting at line 201 was unwound.

  202.    
  203.    lcob=lcobound(coarray)
ftn-6004 ftn: SCALAR File = cgca_m2glm.f90, Line = 203 
  A loop starting at line 203 was fused with the loop starting at line 201.

  204.    ucob=ucobound(coarray)
ftn-6004 ftn: SCALAR File = cgca_m2glm.f90, Line = 204 
  A loop starting at line 204 was fused with the loop starting at line 201.

  205.    usup=szr*(ucob-lcob+1)
ftn-6004 ftn: SCALAR File = cgca_m2glm.f90, Line = 205 
  A loop starting at line 205 was fused with the loop starting at line 201.

  206.    
  207.    ! check for bounds
  208.    
  209.    if (any(imgpos .gt. ucob) .or. any(imgpos .lt. lcob)) then
ftn-6334 ftn: VECTOR File = cgca_m2glm.f90, Line = 209 
  A loop starting at line 209 was not vectorized because it contains multiple potential exits.

  210.     write (*,'(a,i0)') "ERROR: cgca_lg: image", thisimage
  211.     write (*,'(a)') "ERROR: cgca_lg: one or more image positions&
  212.                      & are ouside the bounds"
  213.     write (*,'(a,3(i0,tr1))') "ERROR: cgca_lg: image positions: ",imgpos
  214.     write (*,'(a,3(i0,tr1))') &
  215.      "ERROR: cgca_lg: lower image grid bounds: ", lcob
  216.     write (*,'(a,3(i0,tr1))') &
  217.      "ERROR: cgca_lg: upper image grid bounds: ", ucob
  218.     error stop
  219.    end if
  220.    
  221.    if (any(local .gt. ubr(1:3)) .or. any(local .lt. lbr(1:3))) then
ftn-6334 ftn: VECTOR File = cgca_m2glm.f90, Line = 221 
  A loop starting at line 221 was not vectorized because it contains multiple potential exits.

  222.     write (*,'(a,i0)') "ERROR: cgca_lg: image", thisimage
  223.     write (*,'(a)') "ERROR: cgca_lg: one or more local coordinates&
  224.                      & are ouside the bounds"
  225.     write (*,'(a,3(i0,tr1))') &
  226.      "ERROR: cgca_lg: local coordinates: ", local
  227.     write (*,'(a,3(i0,tr1))') &
  228.      "ERROR: cgca_lg: lower bounds: ", lbr
  229.     write (*,'(a,3(i0,tr1))') &
  230.      "ERROR: cgca_lg: upper bounds: ", ubr
  231.     error stop
  232.    end if
  233.    
  234.    ! actual calculation
  235.    
  236.    super = szr*(imgpos-lcob) + local-lbr(1:3)+1
ftn-6271 ftn: VECTOR File = cgca_m2glm.f90, Line = 236 
  A loop starting at line 236 was not vectorized because its trip count is too small.

ftn-6008 ftn: SCALAR File = cgca_m2glm.f90, Line = 236 
  A loop starting at line 236 was unwound.

  237.    
  238.    ! check for bounds
  239.    
  240.    if (any(super .gt. usup) .or. any(super .lt. 1)) then
ftn-6334 ftn: VECTOR File = cgca_m2glm.f90, Line = 240 
  A loop starting at line 240 was not vectorized because it contains multiple potential exits.

  241.     write (*,'(a,i0)') "ERROR: cgca_lg: image", thisimage
  242.     write (*,'(a)') "ERROR: cgca_lg: one or more super array &
  243.                      & coordinates are ouside the bounds"
  244.     write (*,'(a,3(i0,tr1))') &
  245.      "ERROR: cgca_lg: super array coord: ",super
  246.     write (*,'(a)') "ERROR: cgca_lg: lower bound must be 1"
  247.     write (*,'(a,3(i0,tr1))') "ERROR: cgca_lg: upper bounds: ", usup
  248.     error stop
  249.    end if
  250.    
  251.    end subroutine cgca_lg
  252.    
  253.    !*roboend*
  254.    
  255.    end module cgca_m2glm


%%%%%%%%%%%%%%%%%%%%%%%%%%%%%%%%%%%%%%%%%%%%%%%%%%%%%%%%%%%%%%%%%%%%%%%%%%%%%%%%
                         E x t e r n a l   R e p o r t
%%%%%%%%%%%%%%%%%%%%%%%%%%%%%%%%%%%%%%%%%%%%%%%%%%%%%%%%%%%%%%%%%%%%%%%%%%%%%%%%

Name  Messages
----  --------
ABORT
      Defined as:  No definitions.

                   No calls.  It is not called and does not use any procedure.

      Interface:   None

Name  Messages
----  --------
ABORT(Intrinsic)
      Defined as:  No definitions.

                   No calls.  It is not called and does not use any procedure.

      Interface:   None

Name  Messages
----  --------
ALLOCATED(Intrinsic)
      Defined as:  No definitions.

      Interface:   None

      Called By:   CGCA_GL in CGCA_M2GLM (Line 80, file cgca_m2glm.f90)
                   CGCA_LG in CGCA_M2GLM (Line 190, file cgca_m2glm.f90)

Name  Messages
----  --------
ANY(Intrinsic)
      Defined as:  No definitions.

      Interface:   None

      Called By:   CGCA_GL in CGCA_M2GLM (Line 99, file cgca_m2glm.f90)
                   CGCA_GL in CGCA_M2GLM (Line 99, file cgca_m2glm.f90)
                   CGCA_GL in CGCA_M2GLM (Line 116, file cgca_m2glm.f90)
                   CGCA_GL in CGCA_M2GLM (Line 116, file cgca_m2glm.f90)
                   CGCA_GL in CGCA_M2GLM (Line 129, file cgca_m2glm.f90)
                   CGCA_GL in CGCA_M2GLM (Line 129, file cgca_m2glm.f90)
                   CGCA_LG in CGCA_M2GLM (Line 209, file cgca_m2glm.f90)
                   CGCA_LG in CGCA_M2GLM (Line 209, file cgca_m2glm.f90)
                   CGCA_LG in CGCA_M2GLM (Line 221, file cgca_m2glm.f90)
                   CGCA_LG in CGCA_M2GLM (Line 221, file cgca_m2glm.f90)
                   CGCA_LG in CGCA_M2GLM (Line 240, file cgca_m2glm.f90)
                   CGCA_LG in CGCA_M2GLM (Line 240, file cgca_m2glm.f90)

Name  Messages
----  --------
CGCA_GL in CGCA_M2GLM
      Defined as:  Subroutine (line 28, file cgca_m2glm.f90)

      Interface:   None

      Calls:       THIS_IMAGE(Intrinsic) (Line 76, file cgca_m2glm.f90)
                   ALLOCATED(Intrinsic) (Line 80, file cgca_m2glm.f90)
                   LBOUND(Intrinsic) (Line 86, file cgca_m2glm.f90)
                   UBOUND(Intrinsic) (Line 87, file cgca_m2glm.f90)
                   LCOBOUND(Intrinsic) (Line 93, file cgca_m2glm.f90)
                   UCOBOUND(Intrinsic) (Line 94, file cgca_m2glm.f90)
                   ANY(Intrinsic) (Line 99, file cgca_m2glm.f90)
                   ANY(Intrinsic) (Line 99, file cgca_m2glm.f90)
                   ANY(Intrinsic) (Line 116, file cgca_m2glm.f90)
                   ANY(Intrinsic) (Line 116, file cgca_m2glm.f90)
                   ANY(Intrinsic) (Line 129, file cgca_m2glm.f90)
                   ANY(Intrinsic) (Line 129, file cgca_m2glm.f90)

Name  Messages
----  --------
CGCA_LG in CGCA_M2GLM
      Defined as:  Subroutine (line 28, file cgca_m2glm.f90)

      Interface:   None

      Calls:       THIS_IMAGE(Intrinsic) (Line 186, file cgca_m2glm.f90)
                   ALLOCATED(Intrinsic) (Line 190, file cgca_m2glm.f90)
                   LBOUND(Intrinsic) (Line 196, file cgca_m2glm.f90)
                   UBOUND(Intrinsic) (Line 197, file cgca_m2glm.f90)
                   LCOBOUND(Intrinsic) (Line 203, file cgca_m2glm.f90)
                   UCOBOUND(Intrinsic) (Line 204, file cgca_m2glm.f90)
                   ANY(Intrinsic) (Line 209, file cgca_m2glm.f90)
                   ANY(Intrinsic) (Line 209, file cgca_m2glm.f90)
                   ANY(Intrinsic) (Line 221, file cgca_m2glm.f90)
                   ANY(Intrinsic) (Line 221, file cgca_m2glm.f90)
                   ANY(Intrinsic) (Line 240, file cgca_m2glm.f90)
                   ANY(Intrinsic) (Line 240, file cgca_m2glm.f90)

Name  Messages
----  --------
CGCA_M1CO
      Defined as:  No definitions.

      Used By:     CGCA_M2GLM

Name  Messages
----  --------
CGCA_M2GLM
      Defined as:  Module (line 8, file cgca_m2glm.f90)

        Uses:      CGCA_M1CO
                   ISO_FORTRAN_ENV  (indirectly)

Name  Messages
----  --------
EXIT(Intrinsic)
      Defined as:  No definitions.

                   No calls.  It is not called and does not use any procedure.

      Interface:   None

Name  Messages
----  --------
FLUSH
      Defined as:  No definitions.

                   No calls.  It is not called and does not use any procedure.

      Interface:   None

Name  Messages
----  --------
FLUSH(Intrinsic)
      Defined as:  No definitions.

                   No calls.  It is not called and does not use any procedure.

      Interface:   None

Name  Messages
----  --------
FLUSH_8
      Defined as:  No definitions.

                   No calls.  It is not called and does not use any procedure.

      Interface:   None

Name  Messages
----  --------
FTN_LIB_DEFINITIONS
      Defined as:  No definitions.

                   No calls.  It is not called and does not use any procedure.

Name  Messages
----  --------
HUGE(Intrinsic)
      Defined as:  No definitions.

                   No calls.  It is not called and does not use any procedure.

      Interface:   None

Name  Messages
----  --------
ICEIL
      Defined as:  No definitions.

                   No calls.  It is not called and does not use any procedure.

      Interface:   None

Name  Messages
----  --------
ICEIL_J
      Defined as:  No definitions.

                   No calls.  It is not called and does not use any procedure.

      Interface:   None

Name  Messages
----  --------
ISO_FORTRAN_ENV
      Defined as:  No definitions.

      Used By:     CGCA_M2GLM  (indirectly)

Name  Messages
----  --------
KIND(Intrinsic)
      Defined as:  No definitions.

                   No calls.  It is not called and does not use any procedure.

      Interface:   None

Name  Messages
----  --------
LBOUND(Intrinsic)
      Defined as:  No definitions.

      Interface:   None

      Called By:   CGCA_GL in CGCA_M2GLM (Line 86, file cgca_m2glm.f90)
                   CGCA_LG in CGCA_M2GLM (Line 196, file cgca_m2glm.f90)

Name  Messages
----  --------
LCOBOUND(Intrinsic)
      Defined as:  No definitions.

      Interface:   None

      Called By:   CGCA_GL in CGCA_M2GLM (Line 93, file cgca_m2glm.f90)
                   CGCA_LG in CGCA_M2GLM (Line 203, file cgca_m2glm.f90)

Name  Messages
----  --------
SELECTED_INT_KIND(Intrinsic)
      Defined as:  No definitions.

                   No calls.  It is not called and does not use any procedure.

      Interface:   None

Name  Messages
----  --------
SELECTED_REAL_KIND(Intrinsic)
      Defined as:  No definitions.

                   No calls.  It is not called and does not use any procedure.

      Interface:   None

Name  Messages
----  --------
SIZE(Intrinsic)
      Defined as:  No definitions.

                   No calls.  It is not called and does not use any procedure.

      Interface:   None

Name  Messages
----  --------
THIS_IMAGE(Intrinsic)
      Defined as:  No definitions.

      Interface:   None

      Called By:   CGCA_GL in CGCA_M2GLM (Line 76, file cgca_m2glm.f90)
                   CGCA_LG in CGCA_M2GLM (Line 186, file cgca_m2glm.f90)

Name  Messages
----  --------
UBOUND(Intrinsic)
      Defined as:  No definitions.

      Interface:   None

      Called By:   CGCA_GL in CGCA_M2GLM (Line 87, file cgca_m2glm.f90)
                   CGCA_LG in CGCA_M2GLM (Line 197, file cgca_m2glm.f90)

Name  Messages
----  --------
UCOBOUND(Intrinsic)
      Defined as:  No definitions.

      Interface:   None

      Called By:   CGCA_GL in CGCA_M2GLM (Line 94, file cgca_m2glm.f90)
                   CGCA_LG in CGCA_M2GLM (Line 204, file cgca_m2glm.f90)


%%%%%%%%%%%%%%%%%%%%%%%%%%%%%%%%%%%%%%%%%%%%%%%%%%%%%%%%%%%%%%%%%%%%%%%%%%%%%%%%
%%%%%%%%%%%%%%%%%%%%%%%%%%%%%%%%%%%%%%%%%%%%%%%%%%%%%%%%%%%%%%%%%%%%%%%%%%%%%%%%
